\BOOKMARK [1][]{section*.1}{\376\377\0001\000.\000\040\000P\000r\000e\000c\000a\000u\000t\000i\000o\000n\000s\000\040\000f\000o\000r\000\040\000H\000a\000r\000d\000w\000a\000r\000e}{}% 1
\BOOKMARK [2][]{section*.2}{\376\377\0001\000.\000\040\000C\000P\000U\000\040\000c\000l\000o\000c\000k}{section*.1}% 2
\BOOKMARK [2][]{section*.3}{\376\377\0002\000.\000\040\000M\000e\000m\000o\000r\000y\000\040\000a\000r\000e\000a\000\040\000u\000n\000u\000s\000a\000b\000l\000e\000\040\000a\000r\000e\000a}{section*.1}% 3
\BOOKMARK [2][]{section*.4}{\376\377\0003\000.\000\040\000V\000D\000P\000\040\000i\000n\000i\000t\000i\000a\000l\000i\000z\000a\000t\000i\000o\000n}{section*.1}% 4
\BOOKMARK [2][]{section*.5}{\376\377\0004\000.\000\040\000I\000n\000t\000e\000r\000r\000u\000p\000t}{section*.1}% 5
\BOOKMARK [1][]{section*.6}{\376\377\0002\000.\000\040\000S\000y\000s\000t\000e\000m\000\040\000c\000o\000n\000t\000r\000o\000l\000\040\000p\000o\000r\000t}{}% 6
\BOOKMARK [2][]{section*.7}{\376\377\044\140\000\040\000I\000/\000O\000\040\000p\000o\000r\000t\000\040\0000\0000\000H\000\040\000\050\000R\000e\000a\000d\000\040\000O\000n\000l\000y\000\051\000\040\000S\000T\000A\000R\000T\000/\000P\000A\000U\000S\000E\000\040\000b\000u\000t\000t\000o\000n\000,\000\040\000r\000e\000g\000i\000o\000n\000\040\000s\000e\000t\000t\000i\000n\000g}{section*.6}% 7
\BOOKMARK [2][]{section*.8}{\376\377\044\141\000\040\000I\000/\000O\000\040\000p\000o\000r\000t\000\040\0000\0001\000H\000\040\000\050\000R\000e\000a\000d\000/\000W\000r\000i\000t\000e\000\051\000\040\000E\000X\000T\000\040\000c\000o\000n\000n\000e\000c\000t\000o\000r}{section*.6}% 8
\BOOKMARK [2][]{section*.9}{\376\377\044\142\000\040\000I\000/\000O\000\040\000p\000o\000r\000t\000\040\0000\0002\000H\000\040\000\050\000R\000e\000a\000d\000/\000W\000r\000i\000t\000e\000\051\000\040\000N\000M\000I}{section*.6}% 9
\BOOKMARK [2][]{section*.10}{\376\377\044\143\000\040\000I\000/\000O\000\040\000p\000o\000r\000t\000\040\0000\0003\000H\000\040\000\050\000R\000e\000a\000d\000/\000W\000r\000i\000t\000e\000\051\000\040\000S\000e\000r\000i\000a\000l\000\040\000c\000o\000m\000m\000u\000n\000i\000c\000a\000t\000i\000o\000n\000s\000\040\000s\000e\000n\000d\000\040\000d\000a\000t\000a}{section*.6}% 10
\BOOKMARK [2][]{section*.11}{\376\377\044\144\000\040\000I\000/\000O\000\040\000p\000o\000r\000t\000\040\0000\0004\000H\000\040\000\050\000R\000e\000a\000d\000\040\000O\000n\000l\000y\000\051\000\040\000S\000e\000r\000i\000a\000l\000\040\000c\000o\000m\000m\000u\000n\000i\000c\000a\000t\000i\000o\000n\000s\000\040\000r\000e\000c\000e\000i\000v\000e\000\040\000d\000a\000t\000a}{section*.6}% 11
\BOOKMARK [2][]{section*.12}{\376\377\044\145\000\040\000I\000/\000O\000\040\000p\000o\000r\000t\000\040\0000\0005\000H\000\040\000\050\000R\000e\000a\000d\000/\000W\000r\000i\000t\000e\000\051\000\040\000S\000e\000r\000i\000a\000l\000\040\000c\000o\000m\000m\000u\000n\000i\000c\000a\000t\000i\000o\000n\000s\000\040\000m\000o\000d\000e\000\040\000s\000e\000t\000t\000i\000n\000g}{section*.6}% 12
\BOOKMARK [2][]{section*.13}{\376\377\044\146\000\040\000I\000/\000O\000\040\000p\000o\000r\000t\000\040\0000\0006\000H\000\040\000\050\000W\000r\000i\000t\000e\000\040\000O\000n\000l\000y\000\051\000\040\000L\000e\000f\000t\000-\000r\000i\000g\000h\000t\000\040\000d\000i\000s\000t\000r\000i\000b\000u\000t\000i\000o\000n\000\040\000o\000f\000\040\000s\000o\000u\000n\000d}{section*.6}% 13
\BOOKMARK [2][]{section*.14}{\376\377\044\147\000\040\000I\000/\000O\000\040\000p\000o\000r\000t\000\040\0003\0000\000H\000,\000\040\0003\0001\000H\000\040\000\050\000R\000e\000a\000d\000\040\000O\000n\000l\000y\000\051\000\040\000L\000o\000a\000d\000e\000r\000\040\000a\000c\000c\000e\000s\000s\000\040\000\050\000d\000e\000v\000e\000l\000o\000p\000m\000e\000n\000t\000\040\000b\000o\000a\000r\000d\000\040\000o\000n\000l\000y\000\051}{section*.6}% 14
\BOOKMARK [2][]{section*.15}{\376\377\044\150\000\040\000I\000/\000O\000\040\000p\000o\000r\000t\000\040\000D\000C\000H\000,\000\040\000D\000D\000H\000\040\000\050\000R\000e\000a\000d\000\040\000O\000n\000l\000y\000\051\000\040\000J\000O\000Y\000S\000T\000I\000C\000K\000\040\000b\000o\000a\000r\000d}{section*.6}% 15
\BOOKMARK [1][]{section*.16}{\376\377\0003\000.\000\040\000M\000a\000t\000e\000r\000i\000a\000l\000:\000\040\000U\000s\000i\000n\000g\000\040\000t\000h\000e\000\040\000R\000O\000M\000\040\000b\000a\000n\000k\000\040\000s\000w\000i\000t\000c\000h\000i\000n\000g\000\040\000a\000n\000d\000\040\000b\000a\000c\000k\000u\000p\000\040\000R\000A\000M}{}% 16
\BOOKMARK [2][]{section*.17}{\376\377\000A\000.\000\040\000W\000h\000e\000n\000\040\000t\000h\000e\000\040\000m\000e\000m\000o\000r\000y\000\040\000c\000a\000p\000a\000c\000i\000t\000y\000\040\000i\000s\000\040\0001\000\040\000M\000e\000g\000a\000b\000i\000t}{section*.16}% 17
\BOOKMARK [2][]{section*.18}{\376\377\000B\000.\000\040\000I\000f\000\040\000t\000h\000e\000\040\000c\000a\000p\000a\000c\000i\000t\000y\000\040\000i\000s\000\040\0002\000\040\000M\000B\000y\000t\000e\000s\000\040\000o\000r\000\040\000m\000o\000r\000e\000,\000\040\000o\000r\000\040\000a\000\040\000b\000a\000c\000k\000u\000p\000\040\000R\000A\000M\000\040\000i\000s\000\040\000p\000r\000o\000v\000i\000d\000e\000d}{section*.16}% 18
\BOOKMARK [3][]{section*.19}{\376\377\044\140\000\040\000B\000a\000n\000k\000\040\000c\000o\000n\000t\000r\000o\000l\000\040\000r\000e\000g\000i\000s\000t\000e\000r\000\040\000\050\000F\000F\000F\000C\000H\000\051}{section*.18}% 19
\BOOKMARK [3][]{section*.20}{\376\377\044\141\000\040\000B\000a\000n\000k\000\040\000r\000e\000g\000i\000s\000t\000e\000r\000\040\0000\000\040\000\050\000F\000F\000F\000D\000H\000\051}{section*.18}% 20
\BOOKMARK [3][]{section*.21}{\376\377\044\142\000\040\000B\000a\000n\000k\000\040\000r\000e\000g\000i\000s\000t\000e\000r\000\040\0001\000\040\000\050\000F\000F\000F\000E\000H\000\051}{section*.18}% 21
\BOOKMARK [3][]{section*.22}{\376\377\044\143\000\040\000B\000a\000n\000k\000\040\000r\000e\000g\000i\000s\000t\000e\000r\000\040\0002\000\040\000\050\000F\000F\000F\000F\000H\000\051}{section*.18}% 22
\BOOKMARK [1][]{section*.23}{\376\377\0004\000.\000\040\000M\000a\000t\000e\000r\000i\000a\000l\000:\000\040\000M\000A\000P\000P\000I\000N\000G}{}% 23
\BOOKMARK [2][]{section*.24}{\376\377\000M\000E\000M\000O\000R\000Y\000\040\000M\000A\000P\000,\000\040\000I\000/\000O\000\040\000M\000A\000P}{section*.23}% 24
\BOOKMARK [1][]{section*.25}{\376\377\0005\000.\000\040\000S\000u\000p\000p\000l\000e\000m\000e\000n\000t\000a\000r\000y\000\040\000d\000e\000s\000c\000r\000i\000p\000t\000i\000o\000n\000\040\000f\000o\000r\000\040\000m\000a\000n\000u\000a\000l}{}% 25
\BOOKMARK [2][]{section*.26}{\376\377\000A\000.\000\040\000S\000y\000s\000t\000e\000m\000\040\000c\000o\000n\000t\000r\000o\000l\000\040\000p\000o\000r\000t}{section*.25}% 26
\BOOKMARK [3][]{section*.27}{\376\377\044\142\000\040\000I\000/\000O\000\040\000p\000o\000r\000t\000\040\0000\0002\000H\000\040\000\050\000R\000e\000a\000d\000/\000W\000r\000i\000t\000e\000\051\000\040\000N\000M\000I}{section*.26}% 27
\BOOKMARK [2][]{section*.28}{\376\377\000B\000.\000\040\000S\000y\000s\000t\000e\000m\000\040\000c\000o\000n\000t\000r\000o\000l\000\040\000p\000o\000r\000t}{section*.25}% 28
\BOOKMARK [3][]{section*.29}{\376\377\044\145\000\040\000I\000/\000O\000\040\000p\000o\000r\000t\000\040\0000\0005\000H\000\040\000\050\000R\000e\000a\000d\000/\000W\000r\000i\000t\000e\000\051\000\040\000S\000e\000r\000i\000a\000l\000\040\000c\000o\000m\000m\000u\000n\000i\000c\000a\000t\000i\000o\000n\000s\000\040\000m\000o\000d\000e\000\040\000s\000e\000t\000t\000i\000n\000g}{section*.28}% 29
\BOOKMARK [2][]{section*.30}{\376\377\000C\000.\000\040\000S\000y\000s\000t\000e\000m\000\040\000c\000o\000n\000t\000r\000o\000l\000\040\000p\000o\000r\000t}{section*.25}% 30
\BOOKMARK [3][]{section*.31}{\376\377\044\146\000\040\000I\000/\000O\000\040\000p\000o\000r\000t\000\040\0000\0006\000H\000\040\000\050\000W\000r\000i\000t\000e\000\040\000O\000n\000l\000y\000\051\000\040\000L\000e\000f\000t\000-\000r\000i\000g\000h\000t\000\040\000d\000i\000s\000t\000r\000i\000b\000u\000t\000i\000o\000n\000\040\000o\000f\000\040\000s\000o\000u\000n\000d}{section*.30}% 31
\BOOKMARK [2][]{section*.32}{\376\377\000D\000.\000\040\000C\000o\000m\000m\000u\000n\000i\000c\000a\000t\000i\000o\000n\000s}{section*.25}% 32
\BOOKMARK [3][]{section*.33}{\376\377\044\140\000\040\000C\000o\000n\000n\000e\000c\000t\000i\000n\000g\000\040\000t\000h\000e\000\040\000c\000o\000m\000m\000u\000n\000i\000c\000a\000t\000i\000o\000n\000s\000\040\000c\000a\000b\000l\000e}{section*.32}% 33
\BOOKMARK [3][]{section*.34}{\376\377\044\141\000\040\000P\000a\000r\000a\000l\000l\000e\000l\000\040\000c\000o\000m\000m\000u\000n\000i\000c\000a\000t\000i\000o\000n\000s}{section*.32}% 34
\BOOKMARK [3][]{section*.35}{\376\377\044\142\000\040\000S\000e\000r\000i\000a\000l\000\040\000c\000o\000m\000m\000u\000n\000i\000c\000a\000t\000i\000o\000n\000s}{section*.32}% 35
\BOOKMARK [3][]{section*.36}{\376\377\044\143\000\040\000C\000o\000e\000x\000i\000s\000t\000e\000n\000c\000e\000\040\000o\000f\000\040\000p\000a\000r\000a\000l\000l\000e\000l\000\040\000a\000n\000d\000\040\000s\000e\000r\000i\000a\000l\000\040\000c\000o\000m\000m\000u\000n\000i\000c\000a\000t\000i\000o\000n\000s}{section*.32}% 36
\BOOKMARK [1][]{section*.37}{\376\377\0006\000.\000\040\000V\000D\000P\000\040\000M\000a\000n\000u\000a\000l}{}% 37
\BOOKMARK [2][]{section*.38}{\376\377\000\050\0001\000\051\000\040\000G\000A\000M\000E\000\040\000G\000E\000A\000R\000\040\000F\000E\000A\000T\000U\000R\000E\000S}{section*.37}% 38
\BOOKMARK [2][]{section*.39}{\376\377\000\050\0002\000\051\000\040\000E\000f\000f\000e\000c\000t\000i\000v\000e\000\040\000a\000r\000e\000a\000\040\000a\000n\000d\000\040\000L\000C\000D\000\040\000d\000i\000s\000p\000l\000a\000y\000\040\000a\000r\000e\000a}{section*.37}% 39
\BOOKMARK [2][]{section*.40}{\376\377\000\050\0003\000\051\000\040\000I\000m\000a\000g\000e\000\040\000d\000i\000s\000p\000l\000a\000y}{section*.37}% 40
\BOOKMARK [2][]{section*.41}{\376\377\044\140\000\040\000A\000c\000c\000e\000s\000s\000\040\000t\000o\000\040\000V\000D\000P}{section*.37}% 41
\BOOKMARK [3][]{section*.42}{\376\377\000a\000.\000\040\000R\000e\000a\000d\000i\000n\000g\000\040\000t\000h\000e\000\040\000s\000t\000a\000t\000u\000s\000\040\000r\000e\000g\000i\000s\000t\000e\000r}{section*.41}% 42
\BOOKMARK [3][]{section*.43}{\376\377\000b\000.\000\040\000W\000r\000i\000t\000i\000n\000g\000\040\000t\000o\000\040\000V\000D\000P\000\040\000r\000e\000g\000i\000s\000t\000e\000r\000s\000\040\000\050\000\043\0000\000\040\000t\000o\000\040\000\043\0001\0000\000\051}{section*.41}% 43
\BOOKMARK [3][]{section*.44}{\376\377\000d\000.\000\040\000R\000e\000a\000d\000i\000n\000g\000\040\000f\000r\000o\000m\000\040\000V\000R\000A\000M}{section*.41}% 44
\BOOKMARK [3][]{section*.45}{\376\377\000e\000.\000\040\000V\000R\000A\000M\000\040\000s\000p\000e\000c\000i\000a\000l\000\040\000a\000c\000c\000e\000s\000s}{section*.41}% 45
\BOOKMARK [3][]{section*.46}{\376\377\000f\000.\000\040\000W\000r\000i\000t\000i\000n\000g\000\040\000t\000o\000\040\000t\000h\000e\000\040\000c\000o\000l\000o\000r\000\040\000R\000A\000M}{section*.41}% 46
\BOOKMARK [2][]{section*.47}{\376\377\044\141\000\040\000V\000D\000P\000\040\000r\000e\000g\000i\000s\000t\000e\000r\000\040\000\050\000w\000r\000i\000t\000e\000\040\000o\000n\000l\000y\000\051}{section*.37}% 47
\BOOKMARK [3][]{section*.48}{\376\377\000a\000.\000\040\000R\000e\000g\000i\000s\000t\000e\000r\000\040\000\043\0000\000,\000\040\000r\000e\000g\000i\000s\000t\000e\000r\000\040\000\043\0001\000\040\000\050\000V\000D\000P\000\040\000c\000o\000n\000t\000r\000o\000l\000\051}{section*.47}% 48
\BOOKMARK [3][]{section*.49}{\376\377\000b\000.\000\040\000R\000e\000g\000i\000s\000t\000e\000r\000\040\000\043\0002\000\040\000\050\000p\000a\000t\000t\000e\000r\000n\000\040\000n\000a\000m\000e\000\040\000t\000a\000b\000l\000e\000\051}{section*.47}% 49
\BOOKMARK [3][]{section*.50}{\376\377\000c\000.\000\040\000R\000e\000g\000i\000s\000t\000e\000r\000\040\000\043\0003}{section*.47}% 50
\BOOKMARK [3][]{section*.51}{\376\377\000d\000.\000\040\000R\000e\000g\000i\000s\000t\000e\000r\000\040\000\043\0004}{section*.47}% 51
\BOOKMARK [3][]{section*.52}{\376\377\000e\000.\000\040\000R\000e\000g\000i\000s\000t\000e\000r\000\040\000\043\0005\000\040\000\050\000s\000p\000r\000i\000t\000e\000\040\000a\000t\000t\000r\000i\000b\000u\000t\000e\000\040\000t\000a\000b\000l\000e\000\051}{section*.47}% 52
\BOOKMARK [3][]{section*.53}{\376\377\000f\000.\000\040\000R\000e\000g\000i\000s\000t\000e\000r\000\040\000\043\0006\000\040\000\050\000s\000p\000r\000i\000t\000e\000\040\000g\000e\000n\000e\000r\000a\000t\000o\000r\000\040\000t\000a\000b\000l\000e\000\051}{section*.47}% 53
\BOOKMARK [3][]{section*.54}{\376\377\000g\000.\000\040\000R\000e\000g\000i\000s\000t\000e\000r\000\040\000\043\0007\000\040\000\050\000b\000a\000c\000k\000d\000r\000o\000p\000\040\000c\000o\000l\000o\000r\000\051}{section*.47}% 54
\BOOKMARK [3][]{section*.55}{\376\377\000h\000.\000\040\000R\000e\000g\000i\000s\000t\000e\000r\000\040\000\043\0008\000\040\000\050\000h\000o\000r\000i\000z\000o\000n\000t\000a\000l\000\040\000s\000c\000r\000o\000l\000l\000\051}{section*.47}% 55
\BOOKMARK [3][]{section*.56}{\376\377\000i\000.\000\040\000R\000e\000g\000i\000s\000t\000e\000r\000\040\000\043\0009\000\040\000\050\000v\000e\000r\000t\000i\000c\000a\000l\000\040\000s\000c\000r\000o\000l\000l\000\051}{section*.47}% 56
\BOOKMARK [3][]{section*.57}{\376\377\000j\000.\000\040\000R\000e\000g\000i\000s\000t\000e\000r\000\040\000\043\0001\0000\000\040\000\050\000i\000n\000t\000e\000r\000r\000u\000p\000t\000\051}{section*.47}% 57
\BOOKMARK [2][]{section*.58}{\376\377\044\142\000\040\000S\000t\000a\000n\000d\000a\000r\000d\000\040\000V\000R\000A\000M\000\040\000m\000a\000p\000p\000i\000n\000g}{section*.37}% 58
\BOOKMARK [2][]{section*.59}{\376\377\044\143\000\040\000S\000c\000r\000o\000l\000l\000\040\000s\000c\000r\000e\000e\000n\000\040\000d\000i\000s\000p\000l\000a\000y}{section*.37}% 59
\BOOKMARK [3][]{section*.60}{\376\377\000a\000.\000\040\000P\000a\000t\000t\000e\000r\000n\000\040\000n\000a\000m\000e\000\040\000t\000a\000b\000l\000e}{section*.59}% 60
\BOOKMARK [3][]{section*.61}{\376\377\000b\000.\000\040\000P\000a\000t\000t\000e\000r\000n\000\040\000g\000e\000n\000e\000r\000a\000t\000o\000r\000\040\000t\000a\000b\000l\000e}{section*.59}% 61
\BOOKMARK [3][]{section*.62}{\376\377\000c\000.\000\040\000C\000o\000l\000o\000r\000\040\000R\000A\000M}{section*.59}% 62
\BOOKMARK [2][]{section*.63}{\376\377\044\144\000\040\000D\000i\000s\000p\000l\000a\000y\000i\000n\000g\000\040\000s\000p\000r\000i\000t\000e\000s}{section*.37}% 63
\BOOKMARK [3][]{section*.64}{\376\377\000a\000.\000\040\000S\000p\000r\000i\000t\000e\000\040\000a\000t\000t\000r\000i\000b\000u\000t\000e\000\040\000t\000a\000b\000l\000e}{section*.63}% 64
\BOOKMARK [3][]{section*.65}{\376\377\000b\000.\000\040\000S\000p\000r\000i\000t\000e\000\040\000g\000e\000n\000e\000r\000a\000t\000o\000r\000\040\000t\000a\000b\000l\000e}{section*.63}% 65
\BOOKMARK [3][]{section*.66}{\376\377\000c\000.\000\040\000C\000o\000l\000o\000r\000\040\000R\000A\000M}{section*.63}% 66
\BOOKMARK [3][]{section*.67}{\376\377\000d\000.\000\040\000S\000p\000r\000i\000t\000e\000\040\000c\000o\000o\000r\000d\000i\000n\000a\000t\000e\000s}{section*.63}% 67
\BOOKMARK [3][]{section*.68}{\376\377\000e\000.\000\040\000S\000I\000Z\000E\000\040\000b\000i\000t}{section*.63}% 68
\BOOKMARK [3][]{section*.69}{\376\377\000f\000.\000\040\000S\000p\000r\000i\000t\000e\000\040\000d\000i\000s\000p\000l\000a\000y\000\040\000l\000i\000m\000i\000t\000s}{section*.63}% 69
\BOOKMARK [2][]{section*.70}{\376\377\044\145\000\040\000H\000\040\000c\000o\000u\000n\000t\000e\000r\000,\000\040\000V\000\040\000c\000o\000u\000n\000t\000e\000r}{section*.37}% 70
\BOOKMARK [3][]{section*.71}{\376\377\000a\000.\000\040\000H\000\040\000c\000o\000u\000n\000t\000e\000r}{section*.70}% 71
\BOOKMARK [3][]{section*.72}{\376\377\000b\000.\000\040\000V\000\040\000c\000o\000u\000n\000t\000e\000r}{section*.70}% 72
\BOOKMARK [1][]{section*.73}{\376\377\0007\000.\000\040\000P\000S\000G\000\040\000M\000a\000n\000u\000a\000l}{}% 73
\BOOKMARK [2][]{section*.74}{\376\377\000[\0001\000]\000\040\000T\000o\000n\000e\000\040\000g\000e\000n\000e\000r\000a\000t\000o\000r}{section*.73}% 74
\BOOKMARK [3][]{section*.75}{\376\377\000\050\0001\000\051\000\040\000M\000e\000t\000h\000o\000d\000\040\000o\000f\000\040\000c\000a\000l\000c\000u\000l\000a\000t\000i\000n\000g\000\040\000t\000h\000e\000\040\0001\0000\000-\000b\000i\000t\000\040\000f\000r\000e\000q\000u\000e\000n\000c\000y\000\040\000d\000i\000v\000i\000s\000i\000o\000n\000\040\000r\000a\000t\000i\000o\000\040\000n}{section*.74}% 75
\BOOKMARK [3][]{section*.76}{\376\377\000\050\0002\000\051\000\040\000T\000o\000n\000e\000\040\000f\000r\000e\000q\000u\000e\000n\000c\000y\000\040\000s\000e\000t\000t\000i\000n\000g}{section*.74}% 76
\BOOKMARK [3][]{section*.77}{\376\377\000\050\0003\000\051\000\040\000E\000x\000a\000m\000p\000l\000e\000\040\000o\000f\000\040\000f\000r\000e\000q\000u\000e\000n\000c\000y\000\040\000s\000e\000t\000t\000i\000n\000g}{section*.74}% 77
\BOOKMARK [3][]{section*.78}{\376\377\000a\000.\000\040\000C\000a\000l\000c\000u\000l\000a\000t\000i\000o\000n\000\040\000o\000f\000\040\000f\000r\000e\000q\000u\000e\000n\000c\000y\000\040\000d\000i\000v\000i\000s\000i\000o\000n\000\040\000r\000a\000t\000i\000o\000\040\000n}{section*.74}% 78
\BOOKMARK [3][]{section*.79}{\376\377\000b\000.\000\040\000D\000a\000t\000a\000\040\000s\000e\000n\000t\000\040\000t\000o\000\040\000P\000S\000G}{section*.74}% 79
\BOOKMARK [3][]{section*.80}{\376\377\000\050\0004\000\051\000\040\000T\000o\000n\000e\000\040\000l\000e\000v\000e\000l\000\040\000s\000e\000t\000t\000i\000n\000g}{section*.74}% 80
\BOOKMARK [2][]{section*.81}{\376\377\000[\0002\000]\000\040\000N\000o\000i\000s\000e\000\040\000g\000e\000n\000e\000r\000a\000t\000o\000r}{section*.73}% 81
\BOOKMARK [3][]{section*.82}{\376\377\000\050\0001\000\051\000\040\000N\000o\000i\000s\000e\000\040\000g\000e\000n\000e\000r\000a\000t\000o\000r\000\040\000c\000i\000r\000c\000u\000i\000t\000\040\000c\000o\000n\000t\000r\000o\000l}{section*.81}% 82
\BOOKMARK [3][]{section*.83}{\376\377\000a\000.\000\040\000S\000y\000n\000c\000h\000r\000o\000n\000o\000u\000s\000\040\000n\000o\000i\000s\000e\000\040\000\050\000F\000B\000\040\000=\000\040\0000\000\051}{section*.81}% 83
\BOOKMARK [3][]{section*.84}{\376\377\000b\000.\000\040\000W\000h\000i\000t\000e\000\040\000N\000o\000i\000s\000e\000\040\000\050\000F\000B\000\040\000=\000\040\0001\000\051}{section*.81}% 84
\BOOKMARK [3][]{section*.85}{\376\377\000\050\0002\000\051\000\040\000N\000o\000i\000s\000e\000\040\000l\000e\000v\000e\000l\000\040\000s\000e\000t\000t\000i\000n\000g}{section*.81}% 85
\BOOKMARK [2][]{section*.86}{\376\377\000[\0003\000]\000\040\000R\000e\000g\000i\000s\000t\000e\000r\000\040\000a\000d\000d\000r\000e\000s\000s\000\040\000f\000e\000e\000d}{section*.73}% 86
\BOOKMARK [2][]{section*.87}{\376\377\000[\0004\000]\000\040\000C\000o\000r\000r\000e\000l\000a\000t\000i\000o\000n\000\040\000b\000e\000t\000w\000e\000e\000n\000\040\000t\000h\000e\000\040\000s\000o\000u\000n\000d\000\040\000e\000l\000e\000m\000e\000n\000t\000s\000\040\000a\000n\000d\000\040\000P\000S\000G}{section*.73}% 87
\BOOKMARK [3][]{section*.88}{\376\377\000R\000e\000l\000a\000t\000i\000o\000n\000\040\000b\000e\000t\000w\000e\000e\000n\000\040\000m\000u\000s\000i\000c\000a\000l\000\040\000i\000n\000t\000e\000r\000v\000a\000l\000\040\000a\000n\000d\000\040\000f\000r\000e\000q\000u\000e\000n\000c\000y\000\040\000d\000i\000v\000i\000s\000i\000o\000n\000\040\000r\000a\000t\000i\000o}{section*.87}% 88
\BOOKMARK [3][]{section*.89}{\376\377\000S\000y\000n\000c\000h\000r\000o\000n\000o\000u\000s\000\040\000n\000o\000i\000s\000e\000\040\000m\000o\000d\000e}{section*.87}% 89
